<?xml version="1.0" encoding="UTF-8"?>
<!-- Generated by org.testng.reporters.JUnitReportReporter -->
<testsuite skipped="0" hostname="DESKTOP-IK5TT1R" name="com.crm.TestMeths.LoginTestScripts" tests="2" failures="0" timestamp="2020-02-26T14:10:50 IST" time="2.836" errors="0">
  <testcase name="loginTest" time="2.833" classname="com.crm.TestMeths.LoginTestScripts"/>
  <testcase name="methtest" time="0.003" classname="com.crm.TestMeths.LoginTestScripts"/>
</testsuite> <!-- com.crm.TestMeths.LoginTestScripts -->
