<?xml version="1.0" encoding="UTF-8"?>
<!-- Generated by org.testng.reporters.JUnitReportReporter -->
<testsuite skipped="1" hostname="DESKTOP-IK5TT1R" name="com.crm.TestMeths.LoginTestScripts" tests="1" failures="0" timestamp="2020-02-24T19:23:33 IST" time="0.000" errors="0">
  <testcase name="loginTest" time="0.000" classname="com.crm.TestMeths.LoginTestScripts">
    <skipped/>
  </testcase> <!-- loginTest -->
</testsuite> <!-- com.crm.TestMeths.LoginTestScripts -->
