<?xml version="1.0" encoding="UTF-8"?>
<!-- Generated by org.testng.reporters.JUnitReportReporter -->
<testsuite skipped="2" hostname="DESKTOP-IK5TT1R" name="com.crm.TestScript.Testtwo" tests="2" failures="0" timestamp="2020-02-24T19:23:33 IST" time="0.000" errors="0">
  <testcase name="meth1" time="0.000" classname="com.crm.TestScript.Testtwo">
    <skipped/>
  </testcase> <!-- meth1 -->
  <testcase name="meth0" time="0.000" classname="com.crm.TestScript.Testtwo">
    <skipped/>
  </testcase> <!-- meth0 -->
</testsuite> <!-- com.crm.TestScript.Testtwo -->
