<?xml version="1.0" encoding="UTF-8"?>
<!-- Generated by org.testng.reporters.JUnitReportReporter -->
<testsuite skipped="0" hostname="DESKTOP-IK5TT1R" name="com.crm.TestMeths.LoginTestScripts" tests="1" failures="0" timestamp="2020-02-24T19:35:31 IST" time="0.019" errors="0">
  <testcase name="methtest" time="0.019" classname="com.crm.TestMeths.LoginTestScripts"/>
</testsuite> <!-- com.crm.TestMeths.LoginTestScripts -->
